<?xml version="1.0" encoding="UTF-8"?>
<!-- Generated by org.testng.reporters.JUnitReportReporter -->
<testsuite hostname="Shri" name="Tests.VplTest" tests="3" failures="0" timestamp="5 Oct 2020 15:17:10 GMT" time="217.837" errors="0">
  <testcase name="anyPageHasResults_Test" time="89.280" classname="Tests.VplTest"/>
  <testcase name="keywordSearchReturnsResults_Test" time="78.284" classname="Tests.VplTest"/>
  <testcase name="nextPageHasResults_Test" time="50.273" classname="Tests.VplTest"/>
</testsuite> <!-- Tests.VplTest -->
